2017-11-21 17:40:13 结算线程-> 版本-20170713,开发--东南智能,描述--完成中心数据结算!
2017-11-21 17:40:13 结算线程-> 结算线程启动中...
2017-11-21 17:40:13 结算线程-> 结算开始 ...
2017-11-21 17:45:34 结算线程-> 版本-20170713,开发--东南智能,描述--完成中心数据结算!
2017-11-21 17:45:34 结算线程-> 结算线程启动中...
2017-11-21 17:45:34 结算线程-> 结算开始 ...
2017-11-21 17:46:15 结算线程-> (本省储值卡)结算记账源数据提取成功
2017-11-21 17:46:40 结算线程-> (本省储值卡)记账结算源数据打包xml成功...
2017-11-21 17:47:47 结算线程-> 本省储值卡)记账结算源数据更新成功...
2017-11-21 17:48:39 结算线程-> (本省记账卡)结算记账源数据提取成功
2017-11-21 17:48:39 结算线程-> (本省记账卡)数据源记录为空,无数据处理....
2017-11-21 17:48:39 结算线程-> 该省份暂无数据处理
2017-11-21 17:48:39 结算线程-> 该省份暂无数据处理
2017-11-21 17:48:39 结算线程-> 该省份暂无数据处理
2017-11-21 17:48:39 结算线程-> 该省份暂无数据处理
2017-11-21 17:48:39 结算线程-> 该省份暂无数据处理
2017-11-21 17:48:39 结算线程-> 该省份暂无数据处理
2017-11-21 17:48:40 结算线程-> 该省份暂无数据处理
2017-11-21 17:48:40 结算线程-> 该省份暂无数据处理
2017-11-21 17:48:40 结算线程-> 该省份暂无数据处理
2017-11-21 17:48:40 结算线程-> 该省份暂无数据处理
2017-11-21 17:48:40 结算线程-> 该省份暂无数据处理
2017-11-21 17:48:40 结算线程-> 该省份暂无数据处理
2017-11-21 17:48:40 结算线程-> 该省份暂无数据处理
2017-11-21 17:48:41 结算线程-> 该省份暂无数据处理
2017-11-21 17:48:41 结算线程-> 该省份暂无数据处理
2017-11-21 17:48:41 结算线程-> 该省份暂无数据处理
2017-11-21 17:48:41 结算线程-> 该省份暂无数据处理
2017-11-21 17:48:41 结算线程-> 该省份暂无数据处理
2017-11-21 17:48:41 结算线程-> 该省份暂无数据处理
2017-11-21 17:48:41 结算线程-> 该省份暂无数据处理
2017-11-21 17:48:42 结算线程-> 该省份暂无数据处理
2017-11-21 17:48:42 结算线程-> 该省份暂无数据处理
2017-11-21 17:48:42 结算线程-> 该省份暂无数据处理
2017-11-21 17:48:42 结算线程-> 该省份暂无数据处理
2017-11-21 17:48:42 结算线程-> 该省份暂无数据处理
2017-11-21 17:48:42 结算线程-> 该省份暂无数据处理
2017-11-21 17:48:42 结算线程-> 该省份暂无数据处理
2017-11-21 17:48:43 结算线程-> 该省份暂无数据处理
2017-11-21 17:48:43 结算线程-> 该省份暂无数据处理
2017-11-21 17:48:43 结算线程-> 该省份暂无数据处理
2017-11-21 17:48:43 结算线程-> 该省份暂无数据处理
2017-11-21 17:48:43 结算线程-> 该省份暂无数据处理
2017-11-21 17:48:43 结算线程-> 该省份暂无数据处理
2017-11-21 17:48:43 结算线程-> 该省份暂无数据处理
2017-11-21 17:48:43 结算线程-> 该省份暂无数据处理
2017-11-21 17:48:44 结算线程-> 该省份暂无数据处理
2017-11-21 17:48:44 结算线程-> 该省份暂无数据处理
2017-11-21 17:48:44 结算线程-> 该省份暂无数据处理
2017-11-21 17:48:44 结算线程-> 该省份暂无数据处理
2017-11-21 17:48:44 结算线程-> 该省份暂无数据处理
2017-11-21 17:48:44 结算线程-> 该省份暂无数据处理
2017-11-21 17:48:44 结算线程-> 该省份暂无数据处理
2017-11-21 17:48:45 结算线程-> 该省份暂无数据处理
2017-11-21 17:48:45 结算线程-> 该省份暂无数据处理
2017-11-21 17:48:45 结算线程-> 该省份暂无数据处理
2017-11-21 17:48:45 结算线程-> 该省份暂无数据处理
2017-11-21 17:48:45 结算线程-> 该省份暂无数据处理
2017-11-21 17:48:45 结算线程-> 该省份暂无数据处理
2017-11-21 17:48:45 结算线程-> 该省份暂无数据处理
2017-11-21 17:48:45 结算线程-> 该省份暂无数据处理
2017-11-21 17:48:46 结算线程-> 该省份暂无数据处理
2017-11-21 17:48:46 结算线程-> 该省份暂无数据处理
2017-11-21 17:48:46 结算线程-> 该省份暂无数据处理
2017-11-21 17:48:46 结算线程-> 该省份暂无数据处理
2017-11-21 17:48:46 结算线程-> 该省份暂无数据处理
2017-11-21 17:48:46 结算线程-> 该省份暂无数据处理
2017-11-21 17:48:46 结算线程-> 该省份暂无数据处理
2017-11-21 17:48:47 结算线程-> 该省份暂无数据处理
2017-11-21 17:48:47 结算线程-> 该省份暂无数据处理
2017-11-21 17:48:47 结算线程-> 该省份暂无数据处理
2017-11-21 17:48:47 结算线程-> 该省份暂无数据处理
2017-11-21 17:48:47 结算线程-> 该省份暂无数据处理
2017-11-21 17:48:47 结算线程-> 本次扫描已完成，休眠3分钟!
